{"C:\\Users\\Sangeethan\\Langchain POC\\PolicyCenterMockup\\frontend\\src\\App.js": {"path":"C:\\Users\\Sangeethan\\Langchain POC\\PolicyCenterMockup\\frontend\\src\\App.js","statementMap":{"0":{"start":{"line":8,"column":12},"end":{"line":14,"column":1}},"1":{"start":{"line":9,"column":2},"end":{"line":13,"column":4}}},"fnMap":{"0":{"name":"(anonymous_0)","decl":{"start":{"line":8,"column":12},"end":{"line":8,"column":13}},"loc":{"start":{"line":8,"column":18},"end":{"line":14,"column":1}},"line":8}},"branchMap":{},"s":{"0":2,"1":15},"f":{"0":15},"b":{},"_coverageSchema":"1a1c01bbd47fc00a2c39e90264f33305004495a9","hash":"b804259510f9b11c1c84a5a9dd1dd3ee07aa6624"}
,"C:\\Users\\Sangeethan\\Langchain POC\\PolicyCenterMockup\\frontend\\src\\index.js": {"path":"C:\\Users\\Sangeethan\\Langchain POC\\PolicyCenterMockup\\frontend\\src\\index.js","statementMap":{"0":{"start":{"line":8,"column":17},"end":{"line":8,"column":45}},"1":{"start":{"line":10,"column":13},"end":{"line":10,"column":65}},"2":{"start":{"line":11,"column":0},"end":{"line":17,"column":2}}},"fnMap":{},"branchMap":{"0":{"loc":{"start":{"line":8,"column":17},"end":{"line":8,"column":45}},"type":"binary-expr","locations":[{"start":{"line":8,"column":17},"end":{"line":8,"column":39}},{"start":{"line":8,"column":43},"end":{"line":8,"column":45}}],"line":8}},"s":{"0":0,"1":0,"2":0},"f":{},"b":{"0":[0,0]}}
,"C:\\Users\\Sangeethan\\Langchain POC\\PolicyCenterMockup\\frontend\\src\\reportWebVitals.js": {"path":"C:\\Users\\Sangeethan\\Langchain POC\\PolicyCenterMockup\\frontend\\src\\reportWebVitals.js","statementMap":{"0":{"start":{"line":1,"column":24},"end":{"line":11,"column":1}},"1":{"start":{"line":2,"column":2},"end":{"line":10,"column":3}},"2":{"start":{"line":3,"column":4},"end":{"line":9,"column":7}},"3":{"start":{"line":4,"column":6},"end":{"line":4,"column":26}},"4":{"start":{"line":5,"column":6},"end":{"line":5,"column":26}},"5":{"start":{"line":6,"column":6},"end":{"line":6,"column":26}},"6":{"start":{"line":7,"column":6},"end":{"line":7,"column":26}},"7":{"start":{"line":8,"column":6},"end":{"line":8,"column":27}}},"fnMap":{"0":{"name":"(anonymous_0)","decl":{"start":{"line":1,"column":24},"end":{"line":1,"column":25}},"loc":{"start":{"line":1,"column":39},"end":{"line":11,"column":1}},"line":1},"1":{"name":"(anonymous_1)","decl":{"start":{"line":3,"column":30},"end":{"line":3,"column":31}},"loc":{"start":{"line":3,"column":79},"end":{"line":9,"column":5}},"line":3}},"branchMap":{"0":{"loc":{"start":{"line":2,"column":2},"end":{"line":10,"column":3}},"type":"if","locations":[{"start":{"line":2,"column":2},"end":{"line":10,"column":3}},{"start":{},"end":{}}],"line":2},"1":{"loc":{"start":{"line":2,"column":6},"end":{"line":2,"column":52}},"type":"binary-expr","locations":[{"start":{"line":2,"column":6},"end":{"line":2,"column":17}},{"start":{"line":2,"column":21},"end":{"line":2,"column":52}}],"line":2}},"s":{"0":0,"1":0,"2":0,"3":0,"4":0,"5":0,"6":0,"7":0},"f":{"0":0,"1":0},"b":{"0":[0,0],"1":[0,0]}}
,"C:\\Users\\Sangeethan\\Langchain POC\\PolicyCenterMockup\\frontend\\src\\components\\Button\\Button.js": {"path":"C:\\Users\\Sangeethan\\Langchain POC\\PolicyCenterMockup\\frontend\\src\\components\\Button\\Button.js","statementMap":{"0":{"start":{"line":5,"column":15},"end":{"line":16,"column":1}},"1":{"start":{"line":6,"column":4},"end":{"line":15,"column":6}},"2":{"start":{"line":19,"column":0},"end":{"line":25,"column":2}},"3":{"start":{"line":28,"column":0},"end":{"line":33,"column":2}}},"fnMap":{"0":{"name":"(anonymous_0)","decl":{"start":{"line":5,"column":15},"end":{"line":5,"column":16}},"loc":{"start":{"line":5,"column":82},"end":{"line":16,"column":1}},"line":5},"1":{"name":"(anonymous_1)","decl":{"start":{"line":30,"column":13},"end":{"line":30,"column":14}},"loc":{"start":{"line":30,"column":19},"end":{"line":30,"column":22}},"line":30}},"branchMap":{"0":{"loc":{"start":{"line":5,"column":38},"end":{"line":5,"column":57}},"type":"default-arg","locations":[{"start":{"line":5,"column":48},"end":{"line":5,"column":57}}],"line":5},"1":{"loc":{"start":{"line":5,"column":59},"end":{"line":5,"column":75}},"type":"default-arg","locations":[{"start":{"line":5,"column":70},"end":{"line":5,"column":75}}],"line":5}},"s":{"0":1,"1":10,"2":1,"3":1},"f":{"0":10,"1":0},"b":{"0":[8],"1":[8]},"_coverageSchema":"1a1c01bbd47fc00a2c39e90264f33305004495a9","hash":"ab32844aa01ae090db30c0331137bd1016911fce"}
,"C:\\Users\\Sangeethan\\Langchain POC\\PolicyCenterMockup\\frontend\\src\\components\\Navbar\\Navbar.js": {"path":"C:\\Users\\Sangeethan\\Langchain POC\\PolicyCenterMockup\\frontend\\src\\components\\Navbar\\Navbar.js","statementMap":{"0":{"start":{"line":6,"column":15},"end":{"line":107,"column":1}},"1":{"start":{"line":7,"column":68},"end":{"line":7,"column":83}},"2":{"start":{"line":8,"column":74},"end":{"line":8,"column":89}},"3":{"start":{"line":10,"column":36},"end":{"line":12,"column":5}},"4":{"start":{"line":11,"column":8},"end":{"line":11,"column":42}},"5":{"start":{"line":14,"column":36},"end":{"line":16,"column":5}},"6":{"start":{"line":15,"column":8},"end":{"line":15,"column":43}},"7":{"start":{"line":18,"column":39},"end":{"line":20,"column":5}},"8":{"start":{"line":19,"column":8},"end":{"line":19,"column":45}},"9":{"start":{"line":22,"column":39},"end":{"line":24,"column":5}},"10":{"start":{"line":23,"column":8},"end":{"line":23,"column":46}},"11":{"start":{"line":26,"column":4},"end":{"line":106,"column":6}},"12":{"start":{"line":30,"column":20},"end":{"line":99,"column":21}},"13":{"start":{"line":31,"column":24},"end":{"line":58,"column":26}},"14":{"start":{"line":42,"column":51},"end":{"line":42,"column":66}},"15":{"start":{"line":51,"column":59},"end":{"line":51,"column":84}},"16":{"start":{"line":59,"column":27},"end":{"line":99,"column":21}},"17":{"start":{"line":60,"column":24},"end":{"line":87,"column":26}},"18":{"start":{"line":71,"column":51},"end":{"line":71,"column":66}},"19":{"start":{"line":80,"column":59},"end":{"line":80,"column":87}},"20":{"start":{"line":89,"column":24},"end":{"line":98,"column":26}},"21":{"start":{"line":94,"column":47},"end":{"line":94,"column":62}},"22":{"start":{"line":109,"column":0},"end":{"line":115,"column":2}}},"fnMap":{"0":{"name":"(anonymous_0)","decl":{"start":{"line":6,"column":15},"end":{"line":6,"column":16}},"loc":{"start":{"line":6,"column":66},"end":{"line":107,"column":1}},"line":6},"1":{"name":"(anonymous_1)","decl":{"start":{"line":10,"column":36},"end":{"line":10,"column":37}},"loc":{"start":{"line":10,"column":42},"end":{"line":12,"column":5}},"line":10},"2":{"name":"(anonymous_2)","decl":{"start":{"line":14,"column":36},"end":{"line":14,"column":37}},"loc":{"start":{"line":14,"column":42},"end":{"line":16,"column":5}},"line":14},"3":{"name":"(anonymous_3)","decl":{"start":{"line":18,"column":39},"end":{"line":18,"column":40}},"loc":{"start":{"line":18,"column":45},"end":{"line":20,"column":5}},"line":18},"4":{"name":"(anonymous_4)","decl":{"start":{"line":22,"column":39},"end":{"line":22,"column":40}},"loc":{"start":{"line":22,"column":45},"end":{"line":24,"column":5}},"line":22},"5":{"name":"(anonymous_5)","decl":{"start":{"line":29,"column":26},"end":{"line":29,"column":27}},"loc":{"start":{"line":29,"column":42},"end":{"line":100,"column":17}},"line":29},"6":{"name":"(anonymous_6)","decl":{"start":{"line":42,"column":45},"end":{"line":42,"column":46}},"loc":{"start":{"line":42,"column":51},"end":{"line":42,"column":66}},"line":42},"7":{"name":"(anonymous_7)","decl":{"start":{"line":51,"column":53},"end":{"line":51,"column":54}},"loc":{"start":{"line":51,"column":59},"end":{"line":51,"column":84}},"line":51},"8":{"name":"(anonymous_8)","decl":{"start":{"line":71,"column":45},"end":{"line":71,"column":46}},"loc":{"start":{"line":71,"column":51},"end":{"line":71,"column":66}},"line":71},"9":{"name":"(anonymous_9)","decl":{"start":{"line":80,"column":53},"end":{"line":80,"column":54}},"loc":{"start":{"line":80,"column":59},"end":{"line":80,"column":87}},"line":80},"10":{"name":"(anonymous_10)","decl":{"start":{"line":94,"column":41},"end":{"line":94,"column":42}},"loc":{"start":{"line":94,"column":47},"end":{"line":94,"column":62}},"line":94}},"branchMap":{"0":{"loc":{"start":{"line":30,"column":20},"end":{"line":99,"column":21}},"type":"if","locations":[{"start":{"line":30,"column":20},"end":{"line":99,"column":21}},{"start":{"line":59,"column":27},"end":{"line":99,"column":21}}],"line":30},"1":{"loc":{"start":{"line":41,"column":67},"end":{"line":41,"column":108}},"type":"cond-expr","locations":[{"start":{"line":41,"column":87},"end":{"line":41,"column":103}},{"start":{"line":41,"column":106},"end":{"line":41,"column":108}}],"line":41},"2":{"loc":{"start":{"line":46,"column":33},"end":{"line":56,"column":33}},"type":"binary-expr","locations":[{"start":{"line":46,"column":33},"end":{"line":46,"column":57}},{"start":{"line":47,"column":36},"end":{"line":55,"column":42}}],"line":46},"3":{"loc":{"start":{"line":59,"column":27},"end":{"line":99,"column":21}},"type":"if","locations":[{"start":{"line":59,"column":27},"end":{"line":99,"column":21}},{"start":{"line":88,"column":27},"end":{"line":99,"column":21}}],"line":59},"4":{"loc":{"start":{"line":70,"column":67},"end":{"line":70,"column":108}},"type":"cond-expr","locations":[{"start":{"line":70,"column":87},"end":{"line":70,"column":103}},{"start":{"line":70,"column":106},"end":{"line":70,"column":108}}],"line":70},"5":{"loc":{"start":{"line":75,"column":33},"end":{"line":85,"column":33}},"type":"binary-expr","locations":[{"start":{"line":75,"column":33},"end":{"line":75,"column":60}},{"start":{"line":76,"column":36},"end":{"line":84,"column":42}}],"line":75},"6":{"loc":{"start":{"line":93,"column":63},"end":{"line":93,"column":104}},"type":"cond-expr","locations":[{"start":{"line":93,"column":83},"end":{"line":93,"column":99}},{"start":{"line":93,"column":102},"end":{"line":93,"column":104}}],"line":93}},"s":{"0":4,"1":56,"2":56,"3":56,"4":3,"5":56,"6":1,"7":56,"8":3,"9":56,"10":1,"11":56,"12":333,"13":55,"14":0,"15":1,"16":278,"17":55,"18":0,"19":1,"20":223,"21":8,"22":4},"f":{"0":56,"1":3,"2":1,"3":3,"4":1,"5":333,"6":0,"7":1,"8":0,"9":1,"10":8},"b":{"0":[55,278],"1":[0,55],"2":[55,3],"3":[55,223],"4":[0,55],"5":[55,3],"6":[55,168]},"_coverageSchema":"1a1c01bbd47fc00a2c39e90264f33305004495a9","hash":"ca1cb54a3f9d4a0caa52de7f2ed3cb2aa6146a5b"}
,"C:\\Users\\Sangeethan\\Langchain POC\\PolicyCenterMockup\\frontend\\src\\components\\Sidebar\\Sidebar.js": {"path":"C:\\Users\\Sangeethan\\Langchain POC\\PolicyCenterMockup\\frontend\\src\\components\\Sidebar\\Sidebar.js","statementMap":{"0":{"start":{"line":5,"column":16},"end":{"line":20,"column":1}},"1":{"start":{"line":6,"column":4},"end":{"line":19,"column":6}},"2":{"start":{"line":9,"column":16},"end":{"line":16,"column":25}},"3":{"start":{"line":13,"column":35},"end":{"line":13,"column":52}},"4":{"start":{"line":22,"column":0},"end":{"line":26,"column":2}}},"fnMap":{"0":{"name":"(anonymous_0)","decl":{"start":{"line":5,"column":16},"end":{"line":5,"column":17}},"loc":{"start":{"line":5,"column":56},"end":{"line":20,"column":1}},"line":5},"1":{"name":"(anonymous_1)","decl":{"start":{"line":8,"column":23},"end":{"line":8,"column":24}},"loc":{"start":{"line":9,"column":16},"end":{"line":16,"column":25}},"line":9},"2":{"name":"(anonymous_2)","decl":{"start":{"line":13,"column":29},"end":{"line":13,"column":30}},"loc":{"start":{"line":13,"column":35},"end":{"line":13,"column":52}},"line":13}},"branchMap":{"0":{"loc":{"start":{"line":12,"column":56},"end":{"line":12,"column":100}},"type":"cond-expr","locations":[{"start":{"line":12,"column":78},"end":{"line":12,"column":95}},{"start":{"line":12,"column":98},"end":{"line":12,"column":100}}],"line":12}},"s":{"0":4,"1":46,"2":354,"3":8,"4":4},"f":{"0":46,"1":354,"2":8},"b":{"0":[45,309]},"_coverageSchema":"1a1c01bbd47fc00a2c39e90264f33305004495a9","hash":"a26be4fd8ffae78f8cf58b1f0c783cc466a3f1b7"}
,"C:\\Users\\Sangeethan\\Langchain POC\\PolicyCenterMockup\\frontend\\src\\components\\Tab\\Tab.js": {"path":"C:\\Users\\Sangeethan\\Langchain POC\\PolicyCenterMockup\\frontend\\src\\components\\Tab\\Tab.js","statementMap":{"0":{"start":{"line":5,"column":12},"end":{"line":20,"column":1}},"1":{"start":{"line":6,"column":4},"end":{"line":19,"column":6}},"2":{"start":{"line":9,"column":16},"end":{"line":16,"column":25}},"3":{"start":{"line":13,"column":35},"end":{"line":13,"column":50}},"4":{"start":{"line":22,"column":0},"end":{"line":26,"column":2}}},"fnMap":{"0":{"name":"(anonymous_0)","decl":{"start":{"line":5,"column":12},"end":{"line":5,"column":13}},"loc":{"start":{"line":5,"column":49},"end":{"line":20,"column":1}},"line":5},"1":{"name":"(anonymous_1)","decl":{"start":{"line":8,"column":22},"end":{"line":8,"column":23}},"loc":{"start":{"line":9,"column":16},"end":{"line":16,"column":25}},"line":9},"2":{"name":"(anonymous_2)","decl":{"start":{"line":13,"column":29},"end":{"line":13,"column":30}},"loc":{"start":{"line":13,"column":35},"end":{"line":13,"column":50}},"line":13}},"branchMap":{"0":{"loc":{"start":{"line":12,"column":48},"end":{"line":12,"column":89}},"type":"cond-expr","locations":[{"start":{"line":12,"column":68},"end":{"line":12,"column":84}},{"start":{"line":12,"column":87},"end":{"line":12,"column":89}}],"line":12}},"s":{"0":0,"1":0,"2":0,"3":0,"4":0},"f":{"0":0,"1":0,"2":0},"b":{"0":[0,0]}}
,"C:\\Users\\Sangeethan\\Langchain POC\\PolicyCenterMockup\\frontend\\src\\config\\config.js": {"path":"C:\\Users\\Sangeethan\\Langchain POC\\PolicyCenterMockup\\frontend\\src\\config\\config.js","statementMap":{"0":{"start":{"line":1,"column":15},"end":{"line":7,"column":3}}},"fnMap":{},"branchMap":{},"s":{"0":1},"f":{},"b":{},"_coverageSchema":"1a1c01bbd47fc00a2c39e90264f33305004495a9","hash":"58b8cb1d945b55a2b0b3415cf756fcd2f0c0f0e9"}
,"C:\\Users\\Sangeethan\\Langchain POC\\PolicyCenterMockup\\frontend\\src\\pages\\CreateAccount\\CreateAccountPage.js": {"path":"C:\\Users\\Sangeethan\\Langchain POC\\PolicyCenterMockup\\frontend\\src\\pages\\CreateAccount\\CreateAccountPage.js","statementMap":{"0":{"start":{"line":6,"column":26},"end":{"line":250,"column":1}},"1":{"start":{"line":7,"column":44},"end":{"line":7,"column":63}},"2":{"start":{"line":8,"column":38},"end":{"line":8,"column":53}},"3":{"start":{"line":9,"column":48},"end":{"line":9,"column":60}},"4":{"start":{"line":10,"column":21},"end":{"line":10,"column":34}},"5":{"start":{"line":13,"column":36},"end":{"line":25,"column":6}},"6":{"start":{"line":28,"column":25},"end":{"line":34,"column":5}},"7":{"start":{"line":29,"column":32},"end":{"line":29,"column":40}},"8":{"start":{"line":30,"column":8},"end":{"line":33,"column":11}},"9":{"start":{"line":37,"column":25},"end":{"line":46,"column":5}},"10":{"start":{"line":38,"column":99},"end":{"line":38,"column":107}},"11":{"start":{"line":39,"column":8},"end":{"line":42,"column":9}},"12":{"start":{"line":40,"column":12},"end":{"line":40,"column":31}},"13":{"start":{"line":41,"column":12},"end":{"line":41,"column":19}},"14":{"start":{"line":43,"column":8},"end":{"line":43,"column":28}},"15":{"start":{"line":44,"column":8},"end":{"line":44,"column":85}},"16":{"start":{"line":45,"column":8},"end":{"line":45,"column":53}},"17":{"start":{"line":45,"column":25},"end":{"line":45,"column":45}},"18":{"start":{"line":49,"column":25},"end":{"line":51,"column":5}},"19":{"start":{"line":50,"column":8},"end":{"line":50,"column":29}},"20":{"start":{"line":54,"column":21},"end":{"line":62,"column":5}},"21":{"start":{"line":64,"column":30},"end":{"line":71,"column":5}},"22":{"start":{"line":65,"column":8},"end":{"line":65,"column":29}},"23":{"start":{"line":66,"column":8},"end":{"line":70,"column":9}},"24":{"start":{"line":67,"column":12},"end":{"line":67,"column":33}},"25":{"start":{"line":68,"column":15},"end":{"line":70,"column":9}},"26":{"start":{"line":69,"column":12},"end":{"line":69,"column":40}},"27":{"start":{"line":73,"column":25},"end":{"line":75,"column":5}},"28":{"start":{"line":74,"column":8},"end":{"line":74,"column":22}},"29":{"start":{"line":77,"column":4},"end":{"line":249,"column":6}},"30":{"start":{"line":208,"column":32},"end":{"line":210,"column":41}}},"fnMap":{"0":{"name":"(anonymous_0)","decl":{"start":{"line":6,"column":26},"end":{"line":6,"column":27}},"loc":{"start":{"line":6,"column":32},"end":{"line":250,"column":1}},"line":6},"1":{"name":"(anonymous_1)","decl":{"start":{"line":28,"column":25},"end":{"line":28,"column":26}},"loc":{"start":{"line":28,"column":32},"end":{"line":34,"column":5}},"line":28},"2":{"name":"(anonymous_2)","decl":{"start":{"line":37,"column":25},"end":{"line":37,"column":26}},"loc":{"start":{"line":37,"column":31},"end":{"line":46,"column":5}},"line":37},"3":{"name":"(anonymous_3)","decl":{"start":{"line":45,"column":19},"end":{"line":45,"column":20}},"loc":{"start":{"line":45,"column":25},"end":{"line":45,"column":45}},"line":45},"4":{"name":"(anonymous_4)","decl":{"start":{"line":49,"column":25},"end":{"line":49,"column":26}},"loc":{"start":{"line":49,"column":31},"end":{"line":51,"column":5}},"line":49},"5":{"name":"(anonymous_5)","decl":{"start":{"line":64,"column":30},"end":{"line":64,"column":31}},"loc":{"start":{"line":64,"column":39},"end":{"line":71,"column":5}},"line":64},"6":{"name":"(anonymous_6)","decl":{"start":{"line":73,"column":25},"end":{"line":73,"column":26}},"loc":{"start":{"line":73,"column":31},"end":{"line":75,"column":5}},"line":73},"7":{"name":"(anonymous_7)","decl":{"start":{"line":207,"column":42},"end":{"line":207,"column":43}},"loc":{"start":{"line":208,"column":32},"end":{"line":210,"column":41}},"line":208}},"branchMap":{"0":{"loc":{"start":{"line":39,"column":8},"end":{"line":42,"column":9}},"type":"if","locations":[{"start":{"line":39,"column":8},"end":{"line":42,"column":9}},{"start":{},"end":{}}],"line":39},"1":{"loc":{"start":{"line":39,"column":12},"end":{"line":39,"column":109}},"type":"binary-expr","locations":[{"start":{"line":39,"column":12},"end":{"line":39,"column":25}},{"start":{"line":39,"column":29},"end":{"line":39,"column":53}},{"start":{"line":39,"column":57},"end":{"line":39,"column":62}},{"start":{"line":39,"column":66},"end":{"line":39,"column":79}},{"start":{"line":39,"column":83},"end":{"line":39,"column":88}},{"start":{"line":39,"column":92},"end":{"line":39,"column":99}},{"start":{"line":39,"column":103},"end":{"line":39,"column":109}}],"line":39},"2":{"loc":{"start":{"line":66,"column":8},"end":{"line":70,"column":9}},"type":"if","locations":[{"start":{"line":66,"column":8},"end":{"line":70,"column":9}},{"start":{"line":68,"column":15},"end":{"line":70,"column":9}}],"line":66},"3":{"loc":{"start":{"line":68,"column":15},"end":{"line":70,"column":9}},"type":"if","locations":[{"start":{"line":68,"column":15},"end":{"line":70,"column":9}},{"start":{},"end":{}}],"line":68},"4":{"loc":{"start":{"line":107,"column":17},"end":{"line":117,"column":17}},"type":"binary-expr","locations":[{"start":{"line":107,"column":17},"end":{"line":107,"column":26}},{"start":{"line":108,"column":20},"end":{"line":116,"column":26}}],"line":107},"5":{"loc":{"start":{"line":118,"column":17},"end":{"line":118,"column":92}},"type":"binary-expr","locations":[{"start":{"line":118,"column":17},"end":{"line":118,"column":31}},{"start":{"line":118,"column":35},"end":{"line":118,"column":92}}],"line":118}},"s":{"0":2,"1":0,"2":0,"3":0,"4":0,"5":0,"6":0,"7":0,"8":0,"9":0,"10":0,"11":0,"12":0,"13":0,"14":0,"15":0,"16":0,"17":0,"18":0,"19":0,"20":0,"21":0,"22":0,"23":0,"24":0,"25":0,"26":0,"27":0,"28":0,"29":0,"30":0},"f":{"0":0,"1":0,"2":0,"3":0,"4":0,"5":0,"6":0,"7":0},"b":{"0":[0,0],"1":[0,0,0,0,0,0,0],"2":[0,0],"3":[0,0],"4":[0,0],"5":[0,0]},"_coverageSchema":"1a1c01bbd47fc00a2c39e90264f33305004495a9","hash":"ecad4d583c6325831ae752944c641cdd429f61d3"}
,"C:\\Users\\Sangeethan\\Langchain POC\\PolicyCenterMockup\\frontend\\src\\pages\\Desktop\\DesktopPage.js": {"path":"C:\\Users\\Sangeethan\\Langchain POC\\PolicyCenterMockup\\frontend\\src\\pages\\Desktop\\DesktopPage.js","statementMap":{"0":{"start":{"line":7,"column":20},"end":{"line":76,"column":1}},"1":{"start":{"line":8,"column":44},"end":{"line":8,"column":63}},"2":{"start":{"line":9,"column":48},"end":{"line":9,"column":67}},"3":{"start":{"line":10,"column":21},"end":{"line":10,"column":34}},"4":{"start":{"line":12,"column":30},"end":{"line":25,"column":5}},"5":{"start":{"line":13,"column":8},"end":{"line":13,"column":29}},"6":{"start":{"line":14,"column":8},"end":{"line":24,"column":9}},"7":{"start":{"line":15,"column":12},"end":{"line":15,"column":40}},"8":{"start":{"line":16,"column":15},"end":{"line":24,"column":9}},"9":{"start":{"line":17,"column":12},"end":{"line":17,"column":40}},"10":{"start":{"line":18,"column":15},"end":{"line":24,"column":9}},"11":{"start":{"line":19,"column":12},"end":{"line":19,"column":42}},"12":{"start":{"line":20,"column":15},"end":{"line":24,"column":9}},"13":{"start":{"line":21,"column":12},"end":{"line":21,"column":41}},"14":{"start":{"line":22,"column":15},"end":{"line":24,"column":9}},"15":{"start":{"line":23,"column":12},"end":{"line":23,"column":49}},"16":{"start":{"line":27,"column":32},"end":{"line":27,"column":65}},"17":{"start":{"line":27,"column":42},"end":{"line":27,"column":65}},"18":{"start":{"line":29,"column":25},"end":{"line":32,"column":5}},"19":{"start":{"line":30,"column":8},"end":{"line":30,"column":43}},"20":{"start":{"line":31,"column":8},"end":{"line":31,"column":22}},"21":{"start":{"line":34,"column":4},"end":{"line":75,"column":6}}},"fnMap":{"0":{"name":"(anonymous_0)","decl":{"start":{"line":7,"column":20},"end":{"line":7,"column":21}},"loc":{"start":{"line":7,"column":26},"end":{"line":76,"column":1}},"line":7},"1":{"name":"(anonymous_1)","decl":{"start":{"line":12,"column":30},"end":{"line":12,"column":31}},"loc":{"start":{"line":12,"column":39},"end":{"line":25,"column":5}},"line":12},"2":{"name":"(anonymous_2)","decl":{"start":{"line":27,"column":32},"end":{"line":27,"column":33}},"loc":{"start":{"line":27,"column":42},"end":{"line":27,"column":65}},"line":27},"3":{"name":"(anonymous_3)","decl":{"start":{"line":29,"column":25},"end":{"line":29,"column":26}},"loc":{"start":{"line":29,"column":31},"end":{"line":32,"column":5}},"line":29}},"branchMap":{"0":{"loc":{"start":{"line":14,"column":8},"end":{"line":24,"column":9}},"type":"if","locations":[{"start":{"line":14,"column":8},"end":{"line":24,"column":9}},{"start":{"line":16,"column":15},"end":{"line":24,"column":9}}],"line":14},"1":{"loc":{"start":{"line":16,"column":15},"end":{"line":24,"column":9}},"type":"if","locations":[{"start":{"line":16,"column":15},"end":{"line":24,"column":9}},{"start":{"line":18,"column":15},"end":{"line":24,"column":9}}],"line":16},"2":{"loc":{"start":{"line":18,"column":15},"end":{"line":24,"column":9}},"type":"if","locations":[{"start":{"line":18,"column":15},"end":{"line":24,"column":9}},{"start":{"line":20,"column":15},"end":{"line":24,"column":9}}],"line":18},"3":{"loc":{"start":{"line":20,"column":15},"end":{"line":24,"column":9}},"type":"if","locations":[{"start":{"line":20,"column":15},"end":{"line":24,"column":9}},{"start":{"line":22,"column":15},"end":{"line":24,"column":9}}],"line":20},"4":{"loc":{"start":{"line":22,"column":15},"end":{"line":24,"column":9}},"type":"if","locations":[{"start":{"line":22,"column":15},"end":{"line":24,"column":9}},{"start":{},"end":{}}],"line":22}},"s":{"0":3,"1":34,"2":34,"3":34,"4":34,"5":7,"6":7,"7":0,"8":7,"9":0,"10":7,"11":2,"12":5,"13":2,"14":3,"15":2,"16":34,"17":3,"18":34,"19":2,"20":2,"21":34},"f":{"0":34,"1":7,"2":3,"3":2},"b":{"0":[0,7],"1":[0,7],"2":[2,5],"3":[2,3],"4":[2,1]},"_coverageSchema":"1a1c01bbd47fc00a2c39e90264f33305004495a9","hash":"489ffd83a3c5a61a9c57dc286ac77f1b1ed798b4"}
,"C:\\Users\\Sangeethan\\Langchain POC\\PolicyCenterMockup\\frontend\\src\\pages\\Login\\LoginPage.js": {"path":"C:\\Users\\Sangeethan\\Langchain POC\\PolicyCenterMockup\\frontend\\src\\pages\\Login\\LoginPage.js","statementMap":{"0":{"start":{"line":6,"column":18},"end":{"line":56,"column":1}},"1":{"start":{"line":7,"column":36},"end":{"line":7,"column":48}},"2":{"start":{"line":8,"column":36},"end":{"line":8,"column":48}},"3":{"start":{"line":9,"column":44},"end":{"line":9,"column":56}},"4":{"start":{"line":10,"column":21},"end":{"line":10,"column":34}},"5":{"start":{"line":12,"column":24},"end":{"line":15,"column":5}},"6":{"start":{"line":14,"column":8},"end":{"line":14,"column":29}},"7":{"start":{"line":17,"column":32},"end":{"line":19,"column":5}},"8":{"start":{"line":18,"column":8},"end":{"line":18,"column":36}},"9":{"start":{"line":21,"column":4},"end":{"line":55,"column":6}},"10":{"start":{"line":32,"column":41},"end":{"line":32,"column":68}},"11":{"start":{"line":41,"column":41},"end":{"line":41,"column":68}}},"fnMap":{"0":{"name":"(anonymous_0)","decl":{"start":{"line":6,"column":18},"end":{"line":6,"column":19}},"loc":{"start":{"line":6,"column":24},"end":{"line":56,"column":1}},"line":6},"1":{"name":"(anonymous_1)","decl":{"start":{"line":12,"column":24},"end":{"line":12,"column":25}},"loc":{"start":{"line":12,"column":30},"end":{"line":15,"column":5}},"line":12},"2":{"name":"(anonymous_2)","decl":{"start":{"line":17,"column":32},"end":{"line":17,"column":33}},"loc":{"start":{"line":17,"column":38},"end":{"line":19,"column":5}},"line":17},"3":{"name":"(anonymous_3)","decl":{"start":{"line":32,"column":34},"end":{"line":32,"column":35}},"loc":{"start":{"line":32,"column":41},"end":{"line":32,"column":68}},"line":32},"4":{"name":"(anonymous_4)","decl":{"start":{"line":41,"column":34},"end":{"line":41,"column":35}},"loc":{"start":{"line":41,"column":41},"end":{"line":41,"column":68}},"line":41}},"branchMap":{"0":{"loc":{"start":{"line":47,"column":21},"end":{"line":48,"column":95}},"type":"binary-expr","locations":[{"start":{"line":47,"column":21},"end":{"line":47,"column":33}},{"start":{"line":48,"column":24},"end":{"line":48,"column":94}}],"line":47}},"s":{"0":3,"1":35,"2":35,"3":35,"4":35,"5":35,"6":7,"7":35,"8":2,"9":35,"10":7,"11":7},"f":{"0":35,"1":7,"2":2,"3":7,"4":7},"b":{"0":[35,0]},"_coverageSchema":"1a1c01bbd47fc00a2c39e90264f33305004495a9","hash":"7eb7254f1ccc8d881019825c3fb6ba3d31a27aa8"}
,"C:\\Users\\Sangeethan\\Langchain POC\\PolicyCenterMockup\\frontend\\src\\pages\\NewSubmissions\\NewSubmissions.js": {"path":"C:\\Users\\Sangeethan\\Langchain POC\\PolicyCenterMockup\\frontend\\src\\pages\\NewSubmissions\\NewSubmissions.js","statementMap":{"0":{"start":{"line":6,"column":27},"end":{"line":90,"column":1}},"1":{"start":{"line":7,"column":44},"end":{"line":7,"column":66}},"2":{"start":{"line":8,"column":21},"end":{"line":8,"column":34}},"3":{"start":{"line":10,"column":30},"end":{"line":17,"column":5}},"4":{"start":{"line":11,"column":8},"end":{"line":11,"column":29}},"5":{"start":{"line":12,"column":8},"end":{"line":16,"column":9}},"6":{"start":{"line":13,"column":12},"end":{"line":13,"column":33}},"7":{"start":{"line":14,"column":15},"end":{"line":16,"column":9}},"8":{"start":{"line":15,"column":12},"end":{"line":15,"column":40}},"9":{"start":{"line":19,"column":25},"end":{"line":22,"column":5}},"10":{"start":{"line":20,"column":8},"end":{"line":20,"column":43}},"11":{"start":{"line":21,"column":8},"end":{"line":21,"column":22}},"12":{"start":{"line":24,"column":4},"end":{"line":89,"column":6}}},"fnMap":{"0":{"name":"(anonymous_0)","decl":{"start":{"line":6,"column":27},"end":{"line":6,"column":28}},"loc":{"start":{"line":6,"column":33},"end":{"line":90,"column":1}},"line":6},"1":{"name":"(anonymous_1)","decl":{"start":{"line":10,"column":30},"end":{"line":10,"column":31}},"loc":{"start":{"line":10,"column":39},"end":{"line":17,"column":5}},"line":10},"2":{"name":"(anonymous_2)","decl":{"start":{"line":19,"column":25},"end":{"line":19,"column":26}},"loc":{"start":{"line":19,"column":31},"end":{"line":22,"column":5}},"line":19}},"branchMap":{"0":{"loc":{"start":{"line":12,"column":8},"end":{"line":16,"column":9}},"type":"if","locations":[{"start":{"line":12,"column":8},"end":{"line":16,"column":9}},{"start":{"line":14,"column":15},"end":{"line":16,"column":9}}],"line":12},"1":{"loc":{"start":{"line":14,"column":15},"end":{"line":16,"column":9}},"type":"if","locations":[{"start":{"line":14,"column":15},"end":{"line":16,"column":9}},{"start":{},"end":{}}],"line":14}},"s":{"0":2,"1":0,"2":0,"3":0,"4":0,"5":0,"6":0,"7":0,"8":0,"9":0,"10":0,"11":0,"12":0},"f":{"0":0,"1":0,"2":0},"b":{"0":[0,0],"1":[0,0]},"_coverageSchema":"1a1c01bbd47fc00a2c39e90264f33305004495a9","hash":"38f70fcd4abe23698c93a4c40a65fd8627d3af0f"}
,"C:\\Users\\Sangeethan\\Langchain POC\\PolicyCenterMockup\\frontend\\src\\pages\\ResetPassword\\ResetPassword.js": {"path":"C:\\Users\\Sangeethan\\Langchain POC\\PolicyCenterMockup\\frontend\\src\\pages\\ResetPassword\\ResetPassword.js","statementMap":{"0":{"start":{"line":5,"column":22},"end":{"line":78,"column":1}},"1":{"start":{"line":6,"column":42},"end":{"line":6,"column":54}},"2":{"start":{"line":7,"column":50},"end":{"line":7,"column":62}},"3":{"start":{"line":8,"column":44},"end":{"line":8,"column":56}},"4":{"start":{"line":9,"column":48},"end":{"line":9,"column":60}},"5":{"start":{"line":10,"column":21},"end":{"line":10,"column":34}},"6":{"start":{"line":12,"column":32},"end":{"line":29,"column":5}},"7":{"start":{"line":13,"column":8},"end":{"line":13,"column":27}},"8":{"start":{"line":15,"column":8},"end":{"line":18,"column":9}},"9":{"start":{"line":16,"column":12},"end":{"line":16,"column":57}},"10":{"start":{"line":17,"column":12},"end":{"line":17,"column":19}},"11":{"start":{"line":20,"column":8},"end":{"line":23,"column":9}},"12":{"start":{"line":21,"column":12},"end":{"line":21,"column":55}},"13":{"start":{"line":22,"column":12},"end":{"line":22,"column":19}},"14":{"start":{"line":26,"column":8},"end":{"line":26,"column":28}},"15":{"start":{"line":27,"column":8},"end":{"line":27,"column":80}},"16":{"start":{"line":28,"column":8},"end":{"line":28,"column":51}},"17":{"start":{"line":28,"column":25},"end":{"line":28,"column":43}},"18":{"start":{"line":31,"column":25},"end":{"line":33,"column":5}},"19":{"start":{"line":32,"column":8},"end":{"line":32,"column":27}},"20":{"start":{"line":35,"column":4},"end":{"line":77,"column":6}},"21":{"start":{"line":45,"column":37},"end":{"line":45,"column":67}},"22":{"start":{"line":54,"column":37},"end":{"line":54,"column":71}}},"fnMap":{"0":{"name":"(anonymous_0)","decl":{"start":{"line":5,"column":22},"end":{"line":5,"column":23}},"loc":{"start":{"line":5,"column":28},"end":{"line":78,"column":1}},"line":5},"1":{"name":"(anonymous_1)","decl":{"start":{"line":12,"column":32},"end":{"line":12,"column":33}},"loc":{"start":{"line":12,"column":39},"end":{"line":29,"column":5}},"line":12},"2":{"name":"(anonymous_2)","decl":{"start":{"line":28,"column":19},"end":{"line":28,"column":20}},"loc":{"start":{"line":28,"column":25},"end":{"line":28,"column":43}},"line":28},"3":{"name":"(anonymous_3)","decl":{"start":{"line":31,"column":25},"end":{"line":31,"column":26}},"loc":{"start":{"line":31,"column":31},"end":{"line":33,"column":5}},"line":31},"4":{"name":"(anonymous_4)","decl":{"start":{"line":45,"column":30},"end":{"line":45,"column":31}},"loc":{"start":{"line":45,"column":37},"end":{"line":45,"column":67}},"line":45},"5":{"name":"(anonymous_5)","decl":{"start":{"line":54,"column":30},"end":{"line":54,"column":31}},"loc":{"start":{"line":54,"column":37},"end":{"line":54,"column":71}},"line":54}},"branchMap":{"0":{"loc":{"start":{"line":15,"column":8},"end":{"line":18,"column":9}},"type":"if","locations":[{"start":{"line":15,"column":8},"end":{"line":18,"column":9}},{"start":{},"end":{}}],"line":15},"1":{"loc":{"start":{"line":15,"column":12},"end":{"line":15,"column":44}},"type":"binary-expr","locations":[{"start":{"line":15,"column":12},"end":{"line":15,"column":24}},{"start":{"line":15,"column":28},"end":{"line":15,"column":44}}],"line":15},"2":{"loc":{"start":{"line":20,"column":8},"end":{"line":23,"column":9}},"type":"if","locations":[{"start":{"line":20,"column":8},"end":{"line":23,"column":9}},{"start":{},"end":{}}],"line":20},"3":{"loc":{"start":{"line":57,"column":17},"end":{"line":57,"column":86}},"type":"binary-expr","locations":[{"start":{"line":57,"column":17},"end":{"line":57,"column":29}},{"start":{"line":57,"column":33},"end":{"line":57,"column":86}}],"line":57},"4":{"loc":{"start":{"line":58,"column":17},"end":{"line":58,"column":92}},"type":"binary-expr","locations":[{"start":{"line":58,"column":17},"end":{"line":58,"column":31}},{"start":{"line":58,"column":35},"end":{"line":58,"column":92}}],"line":58},"5":{"loc":{"start":{"line":63,"column":34},"end":{"line":63,"column":66}},"type":"binary-expr","locations":[{"start":{"line":63,"column":34},"end":{"line":63,"column":46}},{"start":{"line":63,"column":50},"end":{"line":63,"column":66}}],"line":63}},"s":{"0":2,"1":1,"2":1,"3":1,"4":1,"5":1,"6":1,"7":0,"8":0,"9":0,"10":0,"11":0,"12":0,"13":0,"14":0,"15":0,"16":0,"17":0,"18":1,"19":0,"20":1,"21":0,"22":0},"f":{"0":1,"1":0,"2":0,"3":0,"4":0,"5":0},"b":{"0":[0,0],"1":[0,0],"2":[0,0],"3":[1,0],"4":[1,0],"5":[1,0]},"_coverageSchema":"1a1c01bbd47fc00a2c39e90264f33305004495a9","hash":"612c8d568658f33ed981205ae08b52d326433f04"}
,"C:\\Users\\Sangeethan\\Langchain POC\\PolicyCenterMockup\\frontend\\src\\routes\\AppRoutes.js": {"path":"C:\\Users\\Sangeethan\\Langchain POC\\PolicyCenterMockup\\frontend\\src\\routes\\AppRoutes.js","statementMap":{"0":{"start":{"line":9,"column":18},"end":{"line":22,"column":1}},"1":{"start":{"line":10,"column":4},"end":{"line":21,"column":6}}},"fnMap":{"0":{"name":"(anonymous_0)","decl":{"start":{"line":9,"column":18},"end":{"line":9,"column":19}},"loc":{"start":{"line":9,"column":24},"end":{"line":22,"column":1}},"line":9}},"branchMap":{},"s":{"0":3,"1":28},"f":{"0":28},"b":{},"_coverageSchema":"1a1c01bbd47fc00a2c39e90264f33305004495a9","hash":"dcd1298dd4f4c5d1f54ba0e8723fc11af46f4138"}
,"C:\\Users\\Sangeethan\\Langchain POC\\PolicyCenterMockup\\frontend\\src\\utils\\testUtils.js": {"path":"C:\\Users\\Sangeethan\\Langchain POC\\PolicyCenterMockup\\frontend\\src\\utils\\testUtils.js","statementMap":{"0":{"start":{"line":6,"column":34},"end":{"line":6,"column":49}},"1":{"start":{"line":6,"column":40},"end":{"line":6,"column":49}},"2":{"start":{"line":9,"column":32},"end":{"line":18,"column":1}},"3":{"start":{"line":10,"column":55},"end":{"line":10,"column":62}},"4":{"start":{"line":12,"column":2},"end":{"line":17,"column":4}},"5":{"start":{"line":21,"column":31},"end":{"line":30,"column":1}},"6":{"start":{"line":33,"column":26},"end":{"line":36,"column":1}},"7":{"start":{"line":39,"column":30},"end":{"line":39,"column":105}},"8":{"start":{"line":42,"column":35},"end":{"line":52,"column":1}},"9":{"start":{"line":55,"column":31},"end":{"line":61,"column":2}},"10":{"start":{"line":55,"column":52},"end":{"line":61,"column":1}},"11":{"start":{"line":64,"column":28},"end":{"line":64,"column":87}},"12":{"start":{"line":64,"column":40},"end":{"line":64,"column":87}},"13":{"start":{"line":64,"column":63},"end":{"line":64,"column":86}},"14":{"start":{"line":67,"column":28},"end":{"line":74,"column":1}},"15":{"start":{"line":69,"column":4},"end":{"line":69,"column":75}},"16":{"start":{"line":72,"column":4},"end":{"line":72,"column":75}},"17":{"start":{"line":77,"column":30},"end":{"line":79,"column":1}},"18":{"start":{"line":82,"column":25},"end":{"line":85,"column":1}},"19":{"start":{"line":83,"column":2},"end":{"line":83,"column":27}},"20":{"start":{"line":84,"column":2},"end":{"line":84,"column":22}},"21":{"start":{"line":87,"column":27},"end":{"line":98,"column":1}},"22":{"start":{"line":88,"column":26},"end":{"line":88,"column":40}},"23":{"start":{"line":89,"column":2},"end":{"line":89,"column":28}},"24":{"start":{"line":90,"column":2},"end":{"line":90,"column":27}},"25":{"start":{"line":91,"column":2},"end":{"line":91,"column":26}},"26":{"start":{"line":93,"column":2},"end":{"line":97,"column":4}},"27":{"start":{"line":95,"column":6},"end":{"line":95,"column":46}}},"fnMap":{"0":{"name":"(anonymous_0)","decl":{"start":{"line":6,"column":34},"end":{"line":6,"column":35}},"loc":{"start":{"line":6,"column":40},"end":{"line":6,"column":49}},"line":6},"1":{"name":"(anonymous_1)","decl":{"start":{"line":9,"column":32},"end":{"line":9,"column":33}},"loc":{"start":{"line":9,"column":61},"end":{"line":18,"column":1}},"line":9},"2":{"name":"(anonymous_2)","decl":{"start":{"line":55,"column":31},"end":{"line":55,"column":32}},"loc":{"start":{"line":55,"column":52},"end":{"line":61,"column":1}},"line":55},"3":{"name":"(anonymous_3)","decl":{"start":{"line":64,"column":28},"end":{"line":64,"column":29}},"loc":{"start":{"line":64,"column":40},"end":{"line":64,"column":87}},"line":64},"4":{"name":"(anonymous_4)","decl":{"start":{"line":64,"column":52},"end":{"line":64,"column":53}},"loc":{"start":{"line":64,"column":63},"end":{"line":64,"column":86}},"line":64},"5":{"name":"(anonymous_5)","decl":{"start":{"line":68,"column":9},"end":{"line":68,"column":10}},"loc":{"start":{"line":68,"column":22},"end":{"line":70,"column":3}},"line":68},"6":{"name":"(anonymous_6)","decl":{"start":{"line":71,"column":9},"end":{"line":71,"column":10}},"loc":{"start":{"line":71,"column":22},"end":{"line":73,"column":3}},"line":71},"7":{"name":"(anonymous_7)","decl":{"start":{"line":82,"column":25},"end":{"line":82,"column":26}},"loc":{"start":{"line":82,"column":31},"end":{"line":85,"column":1}},"line":82},"8":{"name":"(anonymous_8)","decl":{"start":{"line":87,"column":27},"end":{"line":87,"column":28}},"loc":{"start":{"line":87,"column":33},"end":{"line":98,"column":1}},"line":87},"9":{"name":"(anonymous_9)","decl":{"start":{"line":94,"column":13},"end":{"line":94,"column":14}},"loc":{"start":{"line":94,"column":19},"end":{"line":96,"column":5}},"line":94}},"branchMap":{"0":{"loc":{"start":{"line":9,"column":44},"end":{"line":9,"column":56}},"type":"default-arg","locations":[{"start":{"line":9,"column":54},"end":{"line":9,"column":56}}],"line":9},"1":{"loc":{"start":{"line":10,"column":10},"end":{"line":10,"column":32}},"type":"default-arg","locations":[{"start":{"line":10,"column":27},"end":{"line":10,"column":32}}],"line":10},"2":{"loc":{"start":{"line":55,"column":32},"end":{"line":55,"column":46}},"type":"default-arg","locations":[{"start":{"line":55,"column":44},"end":{"line":55,"column":46}}],"line":55},"3":{"loc":{"start":{"line":64,"column":29},"end":{"line":64,"column":35}},"type":"default-arg","locations":[{"start":{"line":64,"column":34},"end":{"line":64,"column":35}}],"line":64}},"s":{"0":0,"1":0,"2":0,"3":0,"4":0,"5":0,"6":0,"7":0,"8":0,"9":0,"10":0,"11":0,"12":0,"13":0,"14":0,"15":0,"16":0,"17":0,"18":0,"19":0,"20":0,"21":0,"22":0,"23":0,"24":0,"25":0,"26":0,"27":0},"f":{"0":0,"1":0,"2":0,"3":0,"4":0,"5":0,"6":0,"7":0,"8":0,"9":0},"b":{"0":[0],"1":[0],"2":[0],"3":[0]}}
}
